<?xml version="1.0" encoding="UTF-8"?>
<testng-results ignored="0" total="1" passed="1" failed="0" skipped="0">
  <reporter-output>
  </reporter-output>
  <suite started-at="2022-12-11T10:47:57 IST" name="Default suite" finished-at="2022-12-11T10:47:57 IST" duration-ms="188">
    <groups>
    </groups>
    <test started-at="2022-12-11T10:47:57 IST" name="Default test" finished-at="2022-12-11T10:47:57 IST" duration-ms="188">
      <class name="com.testScript.TestScript0002">
        <test-method is-config="true" signature="su()[pri:0, instance:com.testScript.TestScript0002@2796aeae]" started-at="2022-12-11T10:47:57 IST" name="su" finished-at="2022-12-11T10:47:57 IST" duration-ms="18" status="PASS">
          <reporter-output>
          </reporter-output>
        </test-method> <!-- su -->
        <test-method is-config="true" signature="su_test()[pri:0, instance:com.testScript.TestScript0002@2796aeae]" started-at="2022-12-11T10:47:57 IST" name="su_test" finished-at="2022-12-11T10:47:57 IST" duration-ms="0" status="PASS">
          <reporter-output>
          </reporter-output>
        </test-method> <!-- su_test -->
        <test-method is-config="true" signature="su_class()[pri:0, instance:com.testScript.TestScript0002@2796aeae]" started-at="2022-12-11T10:47:57 IST" name="su_class" finished-at="2022-12-11T10:47:57 IST" duration-ms="0" status="PASS">
          <reporter-output>
          </reporter-output>
        </test-method> <!-- su_class -->
        <test-method is-config="true" signature="bm()[pri:0, instance:com.testScript.TestScript0002@2796aeae]" started-at="2022-12-11T10:47:57 IST" name="bm" finished-at="2022-12-11T10:47:57 IST" duration-ms="1" status="PASS">
          <reporter-output>
          </reporter-output>
        </test-method> <!-- bm -->
        <test-method signature="readP()[pri:0, instance:com.testScript.TestScript0002@2796aeae]" started-at="2022-12-11T10:47:57 IST" name="readP" finished-at="2022-12-11T10:47:57 IST" duration-ms="51" status="PASS">
          <reporter-output>
          </reporter-output>
        </test-method> <!-- readP -->
        <test-method is-config="true" signature="am()[pri:0, instance:com.testScript.TestScript0002@2796aeae]" started-at="2022-12-11T10:47:57 IST" name="am" finished-at="2022-12-11T10:47:57 IST" duration-ms="1" status="PASS">
          <reporter-output>
          </reporter-output>
        </test-method> <!-- am -->
        <test-method is-config="true" signature="td_class()[pri:0, instance:com.testScript.TestScript0002@2796aeae]" started-at="2022-12-11T10:47:57 IST" name="td_class" finished-at="2022-12-11T10:47:57 IST" duration-ms="1" status="PASS">
          <reporter-output>
          </reporter-output>
        </test-method> <!-- td_class -->
        <test-method is-config="true" signature="td_test()[pri:0, instance:com.testScript.TestScript0002@2796aeae]" started-at="2022-12-11T10:47:57 IST" name="td_test" finished-at="2022-12-11T10:47:57 IST" duration-ms="1" status="PASS">
          <reporter-output>
          </reporter-output>
        </test-method> <!-- td_test -->
        <test-method is-config="true" signature="td()[pri:0, instance:com.testScript.TestScript0002@2796aeae]" started-at="2022-12-11T10:47:57 IST" name="td" finished-at="2022-12-11T10:47:57 IST" duration-ms="1" status="PASS">
          <reporter-output>
          </reporter-output>
        </test-method> <!-- td -->
      </class> <!-- com.testScript.TestScript0002 -->
    </test> <!-- Default test -->
  </suite> <!-- Default suite -->
</testng-results>
