<?xml version="1.0" encoding="UTF-8"?>
<!-- Generated by org.testng.reporters.JUnitXMLReporter -->
<testsuite ignored="0" hostname="Yousuf-HP-I5-8GEN-CORE" failures="1" tests="2" name="Test" time="6.788" errors="0" timestamp="2022-12-10T18:56:34 IST">
  <testcase classname="com.testScript.TestScript0001" name="readProp" time="0.113"/>
  <testcase classname="com.testScript.TestScript0001" name="POMTest" time="6.4">
    <failure type="java.lang.IllegalArgumentException" message="Cannot find elements when the XPath is null.">
      <![CDATA[java.lang.IllegalArgumentException: Cannot find elements when the XPath is null.
at org.openqa.selenium.internal.Require$ArgumentChecker.nonNull(Require.java:204)
at org.openqa.selenium.By$ByXPath.<init>(By.java:287)
at org.openqa.selenium.By.xpath(By.java:89)
at com.pages.HomePage.clickSeleniumArticlesLink(HomePage.java:9)
at com.testScript.TestScript0001.POMTest(TestScript0001.java:23)
at java.base/java.util.ArrayList.forEach(ArrayList.java:1511)
... Removed 27 stack frames]]>
    </failure>
  </testcase> <!-- POMTest -->
</testsuite> <!-- Test -->
